{ [Error: ENOENT: no such file or directory, open '/var/nodeFiles/www/index.html']
  errno: -2,
  code: 'ENOENT',
  syscall: 'open',
  path: '/var/nodeFiles/www/index.html' }
{ [Error: ENOENT: no such file or directory, open '/var/nodeFiles/www/index.html']
  errno: -2,
  code: 'ENOENT',
  syscall: 'open',
  path: '/var/nodeFiles/www/index.html' }
{ [Error: ENOENT: no such file or directory, open '/var/nodeFiles/www/index.html']
  errno: -2,
  code: 'ENOENT',
  syscall: 'open',
  path: '/var/nodeFiles/www/index.html' }
{ [Error: ENOENT: no such file or directory, open '/var/nodeFiles/www/index.html']
  errno: -2,
  code: 'ENOENT',
  syscall: 'open',
  path: '/var/nodeFiles/www/index.html' }
{ [Error: ENOENT: no such file or directory, open '/var/nodeFiles/www/index.html']
  errno: -2,
  code: 'ENOENT',
  syscall: 'open',
  path: '/var/nodeFiles/www/index.html' }
{ [Error: ENOENT: no such file or directory, open '/var/nodeFiles/www/index.html']
  errno: -2,
  code: 'ENOENT',
  syscall: 'open',
  path: '/var/nodeFiles/www/index.html' }
{ [Error: ENOENT: no such file or directory, open '/var/nodeFiles/www/index.html']
  errno: -2,
  code: 'ENOENT',
  syscall: 'open',
  path: '/var/nodeFiles/www/index.html' }
{ [Error: ENOENT: no such file or directory, open '/var/nodeFiles/www/index.html']
  errno: -2,
  code: 'ENOENT',
  syscall: 'open',
  path: '/var/nodeFiles/www/index.html' }
{ [Error: ENOENT: no such file or directory, open '/var/nodeFiles/www/index.html']
  errno: -2,
  code: 'ENOENT',
  syscall: 'open',
  path: '/var/nodeFiles/www/index.html' }
{ [Error: ENOENT: no such file or directory, open '/var/nodeFiles/www/index.html']
  errno: -2,
  code: 'ENOENT',
  syscall: 'open',
  path: '/var/nodeFiles/www/index.html' }
{ [Error: ENOENT: no such file or directory, open '/var/nodeFiles/www/index.html']
  errno: -2,
  code: 'ENOENT',
  syscall: 'open',
  path: '/var/nodeFiles/www/index.html' }
{ [Error: ENOENT: no such file or directory, open '/var/nodeFiles/www/index.html']
  errno: -2,
  code: 'ENOENT',
  syscall: 'open',
  path: '/var/nodeFiles/www/index.html' }
{ [Error: ENOENT: no such file or directory, open '/var/nodeFiles/www/index.html']
  errno: -2,
  code: 'ENOENT',
  syscall: 'open',
  path: '/var/nodeFiles/www/index.html' }
{ [Error: ENOENT: no such file or directory, open '/var/nodeFiles/www/index.html']
  errno: -2,
  code: 'ENOENT',
  syscall: 'open',
  path: '/var/nodeFiles/www/index.html' }
{ [Error: ENOENT: no such file or directory, open '/var/nodeFiles/www/index.html']
  errno: -2,
  code: 'ENOENT',
  syscall: 'open',
  path: '/var/nodeFiles/www/index.html' }
{ [Error: ENOENT: no such file or directory, open '/var/nodeFiles/www/index.html']
  errno: -2,
  code: 'ENOENT',
  syscall: 'open',
  path: '/var/nodeFiles/www/index.html' }
