2020-02-19T13:27:29: PM2 log: ===============================================================================
2020-02-19T13:27:29: PM2 log: --- New PM2 Daemon started ----------------------------------------------------
2020-02-19T13:27:29: PM2 log: Time                 : Wed Feb 19 2020 13:27:29 GMT+0000 (Coordinated Universal Time)
2020-02-19T13:27:29: PM2 log: PM2 version          : 4.2.3
2020-02-19T13:27:29: PM2 log: Node.js version      : 11.15.0
2020-02-19T13:27:29: PM2 log: Current arch         : x64
2020-02-19T13:27:29: PM2 log: PM2 home             : /root/.pm2
2020-02-19T13:27:29: PM2 log: PM2 PID file         : /root/.pm2/pm2.pid
2020-02-19T13:27:29: PM2 log: RPC socket file      : /root/.pm2/rpc.sock
2020-02-19T13:27:29: PM2 log: BUS socket file      : /root/.pm2/pub.sock
2020-02-19T13:27:29: PM2 log: Application log path : /root/.pm2/logs
2020-02-19T13:27:29: PM2 log: Worker Interval      : 30000
2020-02-19T13:27:29: PM2 log: Process dump file    : /root/.pm2/dump.pm2
2020-02-19T13:27:29: PM2 log: Concurrent actions   : 2
2020-02-19T13:27:29: PM2 log: SIGTERM timeout      : 1600
2020-02-19T13:27:29: PM2 log: ===============================================================================
2020-02-19T13:27:29: PM2 log: App [microserver:0] starting in -fork mode-
2020-02-19T13:27:29: PM2 log: App [microserver:0] online
2020-02-19T14:01:40: PM2 log: App [microserver:1] starting in -fork mode-
2020-02-19T14:01:40: PM2 log: App [microserver:1] online
2020-02-19T14:02:50: PM2 log: Stopping app:microserver id:0
2020-02-19T14:02:50: PM2 log: App [microserver:0] exited with code [0] via signal [SIGINT]
2020-02-19T14:02:50: PM2 log: pid=26507 msg=process killed
2020-02-19T14:11:07: PM2 log: Stopping app:microserver id:1
2020-02-19T14:11:07: PM2 log: App [microserver:1] exited with code [0] via signal [SIGINT]
2020-02-19T14:11:07: PM2 log: pid=29079 msg=process killed
2020-02-19T14:11:19: PM2 log: App [server2:2] starting in -fork mode-
2020-02-19T14:11:19: PM2 log: App [server2:2] online
2020-02-19T14:11:19: PM2 log: App [server2:2] exited with code [1] via signal [SIGINT]
2020-02-19T14:11:19: PM2 log: App [server2:2] starting in -fork mode-
2020-02-19T14:11:19: PM2 log: App [server2:2] online
2020-02-19T14:11:20: PM2 log: App [server2:2] exited with code [1] via signal [SIGINT]
2020-02-19T14:11:20: PM2 log: App [server2:2] starting in -fork mode-
2020-02-19T14:11:20: PM2 log: App [server2:2] online
2020-02-19T14:11:20: PM2 log: App [server2:2] exited with code [1] via signal [SIGINT]
2020-02-19T14:11:20: PM2 log: App [server2:2] starting in -fork mode-
2020-02-19T14:11:20: PM2 log: App [server2:2] online
2020-02-19T14:11:20: PM2 log: App [server2:2] exited with code [1] via signal [SIGINT]
2020-02-19T14:11:20: PM2 log: App [server2:2] starting in -fork mode-
2020-02-19T14:11:20: PM2 log: App [server2:2] online
2020-02-19T14:11:20: PM2 log: App [server2:2] exited with code [1] via signal [SIGINT]
2020-02-19T14:11:20: PM2 log: App [server2:2] starting in -fork mode-
2020-02-19T14:11:20: PM2 log: App [server2:2] online
2020-02-19T14:11:21: PM2 log: App [server2:2] exited with code [1] via signal [SIGINT]
2020-02-19T14:11:21: PM2 log: App [server2:2] starting in -fork mode-
2020-02-19T14:11:21: PM2 log: App [server2:2] online
2020-02-19T14:11:21: PM2 log: App [server2:2] exited with code [1] via signal [SIGINT]
2020-02-19T14:11:21: PM2 log: App [server2:2] starting in -fork mode-
2020-02-19T14:11:21: PM2 log: App [server2:2] online
2020-02-19T14:11:21: PM2 log: App [server2:2] exited with code [1] via signal [SIGINT]
2020-02-19T14:11:21: PM2 log: App [server2:2] starting in -fork mode-
2020-02-19T14:11:21: PM2 log: App [server2:2] online
2020-02-19T14:11:21: PM2 log: App [server2:2] exited with code [1] via signal [SIGINT]
2020-02-19T14:11:21: PM2 log: App [server2:2] starting in -fork mode-
2020-02-19T14:11:21: PM2 log: App [server2:2] online
2020-02-19T14:11:22: PM2 log: App [server2:2] exited with code [1] via signal [SIGINT]
2020-02-19T14:11:22: PM2 log: App [server2:2] starting in -fork mode-
2020-02-19T14:11:22: PM2 log: App [server2:2] online
2020-02-19T14:11:22: PM2 log: App [server2:2] exited with code [1] via signal [SIGINT]
2020-02-19T14:11:22: PM2 log: App [server2:2] starting in -fork mode-
2020-02-19T14:11:22: PM2 log: App [server2:2] online
2020-02-19T14:11:22: PM2 log: App [server2:2] exited with code [1] via signal [SIGINT]
2020-02-19T14:11:22: PM2 log: App [server2:2] starting in -fork mode-
2020-02-19T14:11:22: PM2 log: App [server2:2] online
2020-02-19T14:11:22: PM2 log: App [server2:2] exited with code [1] via signal [SIGINT]
2020-02-19T14:11:22: PM2 log: App [server2:2] starting in -fork mode-
2020-02-19T14:11:22: PM2 log: App [server2:2] online
2020-02-19T14:11:22: PM2 log: App [server2:2] exited with code [1] via signal [SIGINT]
2020-02-19T14:11:22: PM2 log: App [server2:2] starting in -fork mode-
2020-02-19T14:11:22: PM2 log: App [server2:2] online
2020-02-19T14:11:23: PM2 log: App [server2:2] exited with code [1] via signal [SIGINT]
2020-02-19T14:11:23: PM2 log: App [server2:2] starting in -fork mode-
2020-02-19T14:11:23: PM2 log: App [server2:2] online
2020-02-19T14:11:23: PM2 log: App [server2:2] exited with code [1] via signal [SIGINT]
2020-02-19T14:11:23: PM2 log: Script /root/server2.js had too many unstable restarts (16). Stopped. "errored"
2020-02-19T14:12:13: PM2 log: Stopping app:server2 id:2
2020-02-19T14:12:13: PM2 error: app=server2 id=2 does not have a pid
2020-02-19T14:12:35: PM2 log: PM2 successfully stopped
2020-02-19T14:12:55: PM2 log: ===============================================================================
2020-02-19T14:12:55: PM2 log: --- New PM2 Daemon started ----------------------------------------------------
2020-02-19T14:12:55: PM2 log: Time                 : Wed Feb 19 2020 14:12:55 GMT+0000 (Coordinated Universal Time)
2020-02-19T14:12:55: PM2 log: PM2 version          : 4.2.3
2020-02-19T14:12:55: PM2 log: Node.js version      : 11.15.0
2020-02-19T14:12:55: PM2 log: Current arch         : x64
2020-02-19T14:12:55: PM2 log: PM2 home             : /root/.pm2
2020-02-19T14:12:55: PM2 log: PM2 PID file         : /root/.pm2/pm2.pid
2020-02-19T14:12:55: PM2 log: RPC socket file      : /root/.pm2/rpc.sock
2020-02-19T14:12:55: PM2 log: BUS socket file      : /root/.pm2/pub.sock
2020-02-19T14:12:55: PM2 log: Application log path : /root/.pm2/logs
2020-02-19T14:12:55: PM2 log: Worker Interval      : 30000
2020-02-19T14:12:55: PM2 log: Process dump file    : /root/.pm2/dump.pm2
2020-02-19T14:12:55: PM2 log: Concurrent actions   : 2
2020-02-19T14:12:55: PM2 log: SIGTERM timeout      : 1600
2020-02-19T14:12:55: PM2 log: ===============================================================================
2020-02-19T14:59:17: PM2 log: App [test:0] starting in -fork mode-
2020-02-19T14:59:17: PM2 log: App [test:0] online
2020-02-19T15:03:18: PM2 log: Stopping app:test id:0
2020-02-19T15:03:18: PM2 log: App [test:0] exited with code [0] via signal [SIGINT]
2020-02-19T15:03:18: PM2 log: pid=30560 msg=process killed
2020-02-19T15:03:18: PM2 log: App [test:0] starting in -fork mode-
2020-02-19T15:03:18: PM2 log: App [test:0] online
2020-02-19T15:03:19: PM2 log: App [test:0] exited with code [1] via signal [SIGINT]
2020-02-19T15:03:19: PM2 log: App [test:0] starting in -fork mode-
2020-02-19T15:03:19: PM2 log: App [test:0] online
2020-02-19T15:03:19: PM2 log: App [test:0] exited with code [1] via signal [SIGINT]
2020-02-19T15:03:19: PM2 log: App [test:0] starting in -fork mode-
2020-02-19T15:03:19: PM2 log: App [test:0] online
2020-02-19T15:03:19: PM2 log: App [test:0] exited with code [1] via signal [SIGINT]
2020-02-19T15:03:19: PM2 log: App [test:0] starting in -fork mode-
2020-02-19T15:03:19: PM2 log: App [test:0] online
2020-02-19T15:03:19: PM2 log: App [test:0] exited with code [1] via signal [SIGINT]
2020-02-19T15:03:19: PM2 log: App [test:0] starting in -fork mode-
2020-02-19T15:03:19: PM2 log: App [test:0] online
2020-02-19T15:03:20: PM2 log: App [test:0] exited with code [1] via signal [SIGINT]
2020-02-19T15:03:20: PM2 log: App [test:0] starting in -fork mode-
2020-02-19T15:03:20: PM2 log: App [test:0] online
2020-02-19T15:03:20: PM2 log: App [test:0] exited with code [1] via signal [SIGINT]
2020-02-19T15:03:20: PM2 log: App [test:0] starting in -fork mode-
2020-02-19T15:03:20: PM2 log: App [test:0] online
2020-02-19T15:03:20: PM2 log: App [test:0] exited with code [1] via signal [SIGINT]
2020-02-19T15:03:20: PM2 log: App [test:0] starting in -fork mode-
2020-02-19T15:03:20: PM2 log: App [test:0] online
2020-02-19T15:03:20: PM2 log: App [test:0] exited with code [1] via signal [SIGINT]
2020-02-19T15:03:20: PM2 log: App [test:0] starting in -fork mode-
2020-02-19T15:03:20: PM2 log: App [test:0] online
2020-02-19T15:03:21: PM2 log: App [test:0] exited with code [1] via signal [SIGINT]
2020-02-19T15:03:21: PM2 log: App [test:0] starting in -fork mode-
2020-02-19T15:03:21: PM2 log: App [test:0] online
2020-02-19T15:03:21: PM2 log: App [test:0] exited with code [1] via signal [SIGINT]
2020-02-19T15:03:21: PM2 log: App [test:0] starting in -fork mode-
2020-02-19T15:03:21: PM2 log: App [test:0] online
2020-02-19T15:03:21: PM2 log: App [test:0] exited with code [1] via signal [SIGINT]
2020-02-19T15:03:21: PM2 log: App [test:0] starting in -fork mode-
2020-02-19T15:03:21: PM2 log: App [test:0] online
2020-02-19T15:03:21: PM2 log: App [test:0] exited with code [1] via signal [SIGINT]
2020-02-19T15:03:21: PM2 log: App [test:0] starting in -fork mode-
2020-02-19T15:03:21: PM2 log: App [test:0] online
2020-02-19T15:03:21: PM2 log: App [test:0] exited with code [1] via signal [SIGINT]
2020-02-19T15:03:21: PM2 log: App [test:0] starting in -fork mode-
2020-02-19T15:03:21: PM2 log: App [test:0] online
2020-02-19T15:03:22: PM2 log: App [test:0] exited with code [1] via signal [SIGINT]
2020-02-19T15:03:22: PM2 log: App [test:0] starting in -fork mode-
2020-02-19T15:03:22: PM2 log: App [test:0] online
2020-02-19T15:03:22: PM2 log: App [test:0] exited with code [1] via signal [SIGINT]
2020-02-19T15:03:22: PM2 log: App [test:0] starting in -fork mode-
2020-02-19T15:03:22: PM2 log: App [test:0] online
2020-02-19T15:03:22: PM2 log: App [test:0] exited with code [1] via signal [SIGINT]
2020-02-19T15:03:22: PM2 log: Script /root/test.js had too many unstable restarts (16). Stopped. "errored"
2020-02-19T15:03:51: PM2 log: App [test:0] starting in -fork mode-
2020-02-19T15:03:51: PM2 log: App [test:0] online
2020-02-19T15:05:38: PM2 log: Stopping app:test id:0
2020-02-19T15:05:38: PM2 log: App [test:0] exited with code [0] via signal [SIGINT]
2020-02-19T15:05:38: PM2 log: pid=30819 msg=process killed
2020-02-19T15:05:38: PM2 log: App [test:0] starting in -fork mode-
2020-02-19T15:05:38: PM2 log: App [test:0] online
2020-02-19T15:05:42: PM2 log: App [test:0] exited with code [1] via signal [SIGINT]
2020-02-19T15:05:42: PM2 log: App [test:0] starting in -fork mode-
2020-02-19T15:05:42: PM2 log: App [test:0] online
2020-02-19T15:05:44: PM2 log: App [test:0] exited with code [1] via signal [SIGINT]
2020-02-19T15:05:44: PM2 log: App [test:0] starting in -fork mode-
2020-02-19T15:05:44: PM2 log: App [test:0] online
2020-02-19T15:06:37: PM2 log: Stopping app:test id:0
2020-02-19T15:06:37: PM2 log: App [test:0] exited with code [0] via signal [SIGINT]
2020-02-19T15:06:37: PM2 log: pid=30885 msg=process killed
2020-02-19T15:06:37: PM2 log: App [test:0] starting in -fork mode-
2020-02-19T15:06:37: PM2 log: App [test:0] online
2020-02-19T15:06:39: PM2 log: App [test:0] exited with code [1] via signal [SIGINT]
2020-02-19T15:06:39: PM2 log: App [test:0] starting in -fork mode-
2020-02-19T15:06:39: PM2 log: App [test:0] online
2020-02-19T15:07:54: PM2 log: Stopping app:test id:0
2020-02-19T15:07:54: PM2 log: App [test:0] exited with code [0] via signal [SIGINT]
2020-02-19T15:07:54: PM2 log: pid=30948 msg=process killed
2020-02-19T15:07:54: PM2 log: App [test:0] starting in -fork mode-
2020-02-19T15:07:54: PM2 log: App [test:0] online
2020-02-19T15:07:58: PM2 log: App [test:0] exited with code [1] via signal [SIGINT]
2020-02-19T15:07:58: PM2 log: App [test:0] starting in -fork mode-
2020-02-19T15:07:58: PM2 log: App [test:0] online
2020-02-19T15:07:59: PM2 log: App [test:0] exited with code [1] via signal [SIGINT]
2020-02-19T15:07:59: PM2 log: App [test:0] starting in -fork mode-
2020-02-19T15:07:59: PM2 log: App [test:0] online
2020-02-19T15:09:19: PM2 log: Stopping app:test id:0
2020-02-19T15:09:19: PM2 log: App [test:0] exited with code [0] via signal [SIGINT]
2020-02-19T15:09:19: PM2 log: pid=31018 msg=process killed
2020-02-19T15:09:19: PM2 log: App [test:0] starting in -fork mode-
2020-02-19T15:09:19: PM2 log: App [test:0] online
2020-02-19T15:09:19: PM2 log: App [test:0] exited with code [1] via signal [SIGINT]
2020-02-19T15:09:19: PM2 log: App [test:0] starting in -fork mode-
2020-02-19T15:09:19: PM2 log: App [test:0] online
2020-02-19T15:09:20: PM2 log: App [test:0] exited with code [1] via signal [SIGINT]
2020-02-19T15:09:20: PM2 log: App [test:0] starting in -fork mode-
2020-02-19T15:09:20: PM2 log: App [test:0] online
2020-02-19T15:09:20: PM2 log: App [test:0] exited with code [1] via signal [SIGINT]
2020-02-19T15:09:20: PM2 log: App [test:0] starting in -fork mode-
2020-02-19T15:09:20: PM2 log: App [test:0] online
2020-02-19T15:09:20: PM2 log: App [test:0] exited with code [1] via signal [SIGINT]
2020-02-19T15:09:20: PM2 log: App [test:0] starting in -fork mode-
2020-02-19T15:09:20: PM2 log: App [test:0] online
2020-02-19T15:09:20: PM2 log: App [test:0] exited with code [1] via signal [SIGINT]
2020-02-19T15:09:20: PM2 log: App [test:0] starting in -fork mode-
2020-02-19T15:09:20: PM2 log: App [test:0] online
2020-02-19T15:09:20: PM2 log: App [test:0] exited with code [1] via signal [SIGINT]
2020-02-19T15:09:20: PM2 log: App [test:0] starting in -fork mode-
2020-02-19T15:09:20: PM2 log: App [test:0] online
2020-02-19T15:09:21: PM2 log: App [test:0] exited with code [1] via signal [SIGINT]
2020-02-19T15:09:21: PM2 log: App [test:0] starting in -fork mode-
2020-02-19T15:09:21: PM2 log: App [test:0] online
2020-02-19T15:09:21: PM2 log: App [test:0] exited with code [1] via signal [SIGINT]
2020-02-19T15:09:21: PM2 log: App [test:0] starting in -fork mode-
2020-02-19T15:09:21: PM2 log: App [test:0] online
2020-02-19T15:09:21: PM2 log: App [test:0] exited with code [1] via signal [SIGINT]
2020-02-19T15:09:21: PM2 log: App [test:0] starting in -fork mode-
2020-02-19T15:09:21: PM2 log: App [test:0] online
2020-02-19T15:09:21: PM2 log: App [test:0] exited with code [1] via signal [SIGINT]
2020-02-19T15:09:21: PM2 log: App [test:0] starting in -fork mode-
2020-02-19T15:09:21: PM2 log: App [test:0] online
2020-02-19T15:09:21: PM2 log: App [test:0] exited with code [1] via signal [SIGINT]
2020-02-19T15:09:21: PM2 log: App [test:0] starting in -fork mode-
2020-02-19T15:09:21: PM2 log: App [test:0] online
2020-02-19T15:09:22: PM2 log: App [test:0] exited with code [1] via signal [SIGINT]
2020-02-19T15:09:22: PM2 log: App [test:0] starting in -fork mode-
2020-02-19T15:09:22: PM2 log: App [test:0] online
2020-02-19T15:09:22: PM2 log: App [test:0] exited with code [1] via signal [SIGINT]
2020-02-19T15:09:22: PM2 log: App [test:0] starting in -fork mode-
2020-02-19T15:09:22: PM2 log: App [test:0] online
2020-02-19T15:09:22: PM2 log: App [test:0] exited with code [1] via signal [SIGINT]
2020-02-19T15:09:22: PM2 log: App [test:0] starting in -fork mode-
2020-02-19T15:09:22: PM2 log: App [test:0] online
2020-02-19T15:09:22: PM2 log: App [test:0] exited with code [1] via signal [SIGINT]
2020-02-19T15:09:22: PM2 log: App [test:0] starting in -fork mode-
2020-02-19T15:09:22: PM2 log: App [test:0] online
2020-02-19T15:09:22: PM2 log: App [test:0] exited with code [1] via signal [SIGINT]
2020-02-19T15:09:22: PM2 log: Script /root/test.js had too many unstable restarts (16). Stopped. "errored"
2020-02-19T15:11:14: PM2 log: App [test:0] starting in -fork mode-
2020-02-19T15:11:14: PM2 log: App [test:0] online
2020-02-19T15:11:14: PM2 log: App [test:0] exited with code [1] via signal [SIGINT]
2020-02-19T15:11:14: PM2 log: App [test:0] starting in -fork mode-
2020-02-19T15:11:14: PM2 log: App [test:0] online
2020-02-19T15:11:14: PM2 log: App [test:0] exited with code [1] via signal [SIGINT]
2020-02-19T15:11:14: PM2 log: App [test:0] starting in -fork mode-
2020-02-19T15:11:14: PM2 log: App [test:0] online
2020-02-19T15:11:15: PM2 log: App [test:0] exited with code [1] via signal [SIGINT]
2020-02-19T15:11:15: PM2 log: App [test:0] starting in -fork mode-
2020-02-19T15:11:15: PM2 log: App [test:0] online
2020-02-19T15:11:15: PM2 log: App [test:0] exited with code [1] via signal [SIGINT]
2020-02-19T15:11:15: PM2 log: App [test:0] starting in -fork mode-
2020-02-19T15:11:15: PM2 log: App [test:0] online
2020-02-19T15:11:15: PM2 log: App [test:0] exited with code [1] via signal [SIGINT]
2020-02-19T15:11:15: PM2 log: App [test:0] starting in -fork mode-
2020-02-19T15:11:15: PM2 log: App [test:0] online
2020-02-19T15:11:15: PM2 log: App [test:0] exited with code [1] via signal [SIGINT]
2020-02-19T15:11:15: PM2 log: App [test:0] starting in -fork mode-
2020-02-19T15:11:15: PM2 log: App [test:0] online
2020-02-19T15:11:15: PM2 log: App [test:0] exited with code [1] via signal [SIGINT]
2020-02-19T15:11:15: PM2 log: App [test:0] starting in -fork mode-
2020-02-19T15:11:15: PM2 log: App [test:0] online
2020-02-19T15:11:16: PM2 log: App [test:0] exited with code [1] via signal [SIGINT]
2020-02-19T15:11:16: PM2 log: App [test:0] starting in -fork mode-
2020-02-19T15:11:16: PM2 log: App [test:0] online
2020-02-19T15:11:16: PM2 log: App [test:0] exited with code [1] via signal [SIGINT]
2020-02-19T15:11:16: PM2 log: App [test:0] starting in -fork mode-
2020-02-19T15:11:16: PM2 log: App [test:0] online
2020-02-19T15:11:16: PM2 log: App [test:0] exited with code [1] via signal [SIGINT]
2020-02-19T15:11:16: PM2 log: App [test:0] starting in -fork mode-
2020-02-19T15:11:16: PM2 log: App [test:0] online
2020-02-19T15:11:16: PM2 log: App [test:0] exited with code [1] via signal [SIGINT]
2020-02-19T15:11:16: PM2 log: App [test:0] starting in -fork mode-
2020-02-19T15:11:16: PM2 log: App [test:0] online
2020-02-19T15:11:16: PM2 log: App [test:0] exited with code [1] via signal [SIGINT]
2020-02-19T15:11:16: PM2 log: App [test:0] starting in -fork mode-
2020-02-19T15:11:16: PM2 log: App [test:0] online
2020-02-19T15:11:17: PM2 log: App [test:0] exited with code [1] via signal [SIGINT]
2020-02-19T15:11:17: PM2 log: App [test:0] starting in -fork mode-
2020-02-19T15:11:17: PM2 log: App [test:0] online
2020-02-19T15:11:17: PM2 log: App [test:0] exited with code [1] via signal [SIGINT]
2020-02-19T15:11:17: PM2 log: App [test:0] starting in -fork mode-
2020-02-19T15:11:17: PM2 log: App [test:0] online
2020-02-19T15:11:17: PM2 log: App [test:0] exited with code [1] via signal [SIGINT]
2020-02-19T15:11:17: PM2 log: App [test:0] starting in -fork mode-
2020-02-19T15:11:17: PM2 log: App [test:0] online
2020-02-19T15:11:17: PM2 log: App [test:0] exited with code [1] via signal [SIGINT]
2020-02-19T15:11:17: PM2 log: Script /root/test.js had too many unstable restarts (16). Stopped. "errored"
2020-02-19T15:12:44: PM2 log: App [test:0] starting in -fork mode-
2020-02-19T15:12:44: PM2 log: App [test:0] online
2020-02-19T15:13:50: PM2 log: Stopping app:test id:0
2020-02-19T15:13:50: PM2 log: App [test:0] exited with code [0] via signal [SIGINT]
2020-02-19T15:13:50: PM2 log: pid=31491 msg=process killed
2020-02-19T15:13:50: PM2 log: App [test:0] starting in -fork mode-
2020-02-19T15:13:50: PM2 log: App [test:0] online
2020-02-19T15:14:50: PM2 log: Stopping app:test id:0
2020-02-19T15:14:50: PM2 log: App [test:0] exited with code [0] via signal [SIGINT]
2020-02-19T15:14:50: PM2 log: pid=31517 msg=process killed
2020-02-19T15:14:50: PM2 log: App [test:0] starting in -fork mode-
2020-02-19T15:14:50: PM2 log: App [test:0] online
2020-02-19T15:14:52: PM2 log: App [test:0] exited with code [1] via signal [SIGINT]
2020-02-19T15:14:52: PM2 log: App [test:0] starting in -fork mode-
2020-02-19T15:14:52: PM2 log: App [test:0] online
2020-02-19T15:17:13: PM2 log: Stopping app:test id:0
2020-02-19T15:17:13: PM2 log: App [test:0] exited with code [0] via signal [SIGINT]
2020-02-19T15:17:13: PM2 log: pid=31559 msg=process killed
2020-02-19T15:17:13: PM2 log: App [test:0] starting in -fork mode-
2020-02-19T15:17:13: PM2 log: App [test:0] online
2020-02-19T15:17:20: PM2 log: App [test:0] exited with code [1] via signal [SIGINT]
2020-02-19T15:17:20: PM2 log: App [test:0] starting in -fork mode-
2020-02-19T15:17:20: PM2 log: App [test:0] online
2020-02-19T15:17:37: PM2 log: Stopping app:test id:0
2020-02-19T15:17:37: PM2 log: App [test:0] exited with code [0] via signal [SIGINT]
2020-02-19T15:17:37: PM2 log: pid=31614 msg=process killed
2020-02-19T15:17:37: PM2 log: App [test:0] starting in -fork mode-
2020-02-19T15:17:37: PM2 log: App [test:0] online
2020-02-19T15:17:41: PM2 log: App [test:0] exited with code [1] via signal [SIGINT]
2020-02-19T15:17:41: PM2 log: App [test:0] starting in -fork mode-
2020-02-19T15:17:41: PM2 log: App [test:0] online
2020-02-19T15:18:16: PM2 log: Stopping app:test id:0
2020-02-19T15:18:16: PM2 log: App [test:0] exited with code [0] via signal [SIGINT]
2020-02-19T15:18:16: PM2 log: pid=31654 msg=process killed
2020-02-19T15:18:16: PM2 log: App [test:0] starting in -fork mode-
2020-02-19T15:18:16: PM2 log: App [test:0] online
2020-02-19T15:18:23: PM2 log: App [test:0] exited with code [1] via signal [SIGINT]
2020-02-19T15:18:23: PM2 log: App [test:0] starting in -fork mode-
2020-02-19T15:18:23: PM2 log: App [test:0] online
2020-02-19T15:19:39: PM2 log: Stopping app:test id:0
2020-02-19T15:19:39: PM2 log: App [test:0] exited with code [0] via signal [SIGINT]
2020-02-19T15:19:39: PM2 log: pid=31696 msg=process killed
2020-02-19T15:19:39: PM2 log: App [test:0] starting in -fork mode-
2020-02-19T15:19:39: PM2 log: App [test:0] online
2020-02-19T17:16:41: PM2 log: Stopping app:test id:0
2020-02-19T17:16:41: PM2 log: App [test:0] exited with code [0] via signal [SIGINT]
2020-02-19T17:16:41: PM2 log: pid=31722 msg=process killed
2020-02-19T17:16:41: PM2 log: App [test:0] starting in -fork mode-
2020-02-19T17:16:41: PM2 log: App [test:0] online
2020-02-19T17:17:17: PM2 log: Stopping app:test id:0
2020-02-19T17:17:17: PM2 log: App [test:0] exited with code [0] via signal [SIGINT]
2020-02-19T17:17:17: PM2 log: pid=32219 msg=process killed
2020-02-19T17:17:17: PM2 log: App [test:0] starting in -fork mode-
2020-02-19T17:17:17: PM2 log: App [test:0] online
2020-03-14T20:42:47: PM2 log: App [test:0] exited with code [0] via signal [SIGINT]
2020-03-14T20:42:47: PM2 log: App [test:0] starting in -fork mode-
2020-03-14T20:42:47: PM2 log: App [test:0] online
2020-03-14T20:43:35: PM2 log: App [test:0] exited with code [1] via signal [SIGINT]
2020-03-14T20:43:35: PM2 log: App [test:0] starting in -fork mode-
2020-03-14T20:43:35: PM2 log: App [test:0] online
2020-03-14T20:43:44: PM2 log: App [test:0] exited with code [1] via signal [SIGINT]
2020-03-14T20:43:44: PM2 log: App [test:0] starting in -fork mode-
2020-03-14T20:43:44: PM2 log: App [test:0] online
2020-03-14T20:44:42: PM2 log: App [test:0] exited with code [1] via signal [SIGINT]
2020-03-14T20:44:42: PM2 log: App [test:0] starting in -fork mode-
2020-03-14T20:44:42: PM2 log: App [test:0] online
2020-03-14T20:54:35: PM2 log: App [test:0] exited with code [0] via signal [SIGINT]
2020-03-14T20:54:35: PM2 log: App [test:0] starting in -fork mode-
2020-03-14T20:54:35: PM2 log: App [test:0] online
2020-03-14T20:54:49: PM2 log: App [test:0] exited with code [0] via signal [SIGINT]
2020-03-14T20:54:49: PM2 log: App [test:0] starting in -fork mode-
2020-03-14T20:54:49: PM2 log: App [test:0] online
2020-03-14T20:55:03: PM2 log: App [test:0] exited with code [0] via signal [SIGINT]
2020-03-14T20:55:03: PM2 log: App [test:0] starting in -fork mode-
2020-03-14T20:55:03: PM2 log: App [test:0] online
2020-03-14T20:55:10: PM2 log: App [test:0] exited with code [0] via signal [SIGINT]
2020-03-14T20:55:10: PM2 log: App [test:0] starting in -fork mode-
2020-03-14T20:55:10: PM2 log: App [test:0] online
2020-03-14T20:56:36: PM2 log: App [test:0] exited with code [0] via signal [SIGKILL]
2020-03-14T20:56:36: PM2 log: App [test:0] starting in -fork mode-
2020-03-14T20:56:36: PM2 log: App [test:0] online
2020-03-14T20:58:24: PM2 log: App [test:0] exited with code [0] via signal [SIGKILL]
2020-03-14T20:58:24: PM2 log: App [test:0] starting in -fork mode-
2020-03-14T20:58:24: PM2 log: App [test:0] online
2020-03-14T21:02:14: PM2 log: pm2 has been killed by signal, dumping process list before exit...
2020-03-14T21:02:14: PM2 log: Deleting process 0
2020-03-14T21:02:14: PM2 log: Stopping app:test id:0
2020-03-14T21:02:14: PM2 log: App [test:0] exited with code [0] via signal [SIGHUP]
2020-03-14T21:02:14: PM2 log: pid=24065 msg=process killed
2020-03-14T21:02:14: PM2 log: Exited peacefully
2020-03-14T21:02:33: PM2 log: ===============================================================================
2020-03-14T21:02:33: PM2 log: --- New PM2 Daemon started ----------------------------------------------------
2020-03-14T21:02:33: PM2 log: Time                 : Sat Mar 14 2020 21:02:33 GMT+0000 (Coordinated Universal Time)
2020-03-14T21:02:33: PM2 log: PM2 version          : 4.2.3
2020-03-14T21:02:33: PM2 log: Node.js version      : 11.15.0
2020-03-14T21:02:33: PM2 log: Current arch         : x64
2020-03-14T21:02:33: PM2 log: PM2 home             : /root/.pm2
2020-03-14T21:02:33: PM2 log: PM2 PID file         : /root/.pm2/pm2.pid
2020-03-14T21:02:33: PM2 log: RPC socket file      : /root/.pm2/rpc.sock
2020-03-14T21:02:33: PM2 log: BUS socket file      : /root/.pm2/pub.sock
2020-03-14T21:02:33: PM2 log: Application log path : /root/.pm2/logs
2020-03-14T21:02:33: PM2 log: Worker Interval      : 30000
2020-03-14T21:02:33: PM2 log: Process dump file    : /root/.pm2/dump.pm2
2020-03-14T21:02:33: PM2 log: Concurrent actions   : 2
2020-03-14T21:02:33: PM2 log: SIGTERM timeout      : 1600
2020-03-14T21:02:33: PM2 log: ===============================================================================
2020-03-14T21:02:33: PM2 log: App [test:0] starting in -fork mode-
2020-03-14T21:02:33: PM2 log: App [test:0] online
2020-03-14T21:03:44: PM2 log: App [test:0] exited with code [1] via signal [SIGINT]
2020-03-14T21:03:44: PM2 log: App [test:0] starting in -fork mode-
2020-03-14T21:03:44: PM2 log: App [test:0] online
2020-03-14T21:04:48: PM2 log: App [test:0] exited with code [1] via signal [SIGINT]
2020-03-14T21:04:48: PM2 log: App [test:0] starting in -fork mode-
2020-03-14T21:04:48: PM2 log: App [test:0] online
2020-03-14T22:30:15: PM2 log: Stopping app:test id:0
2020-03-14T22:30:15: PM2 log: App [test:0] exited with code [0] via signal [SIGINT]
2020-03-14T22:30:15: PM2 log: pid=1395 msg=process killed
2020-03-14T22:30:16: PM2 log: PM2 successfully stopped
2020-03-14T22:30:34: PM2 log: ===============================================================================
2020-03-14T22:30:34: PM2 log: --- New PM2 Daemon started ----------------------------------------------------
2020-03-14T22:30:34: PM2 log: Time                 : Sat Mar 14 2020 22:30:34 GMT+0000 (Coordinated Universal Time)
2020-03-14T22:30:34: PM2 log: PM2 version          : 4.2.3
2020-03-14T22:30:34: PM2 log: Node.js version      : 11.15.0
2020-03-14T22:30:34: PM2 log: Current arch         : x64
2020-03-14T22:30:34: PM2 log: PM2 home             : /root/.pm2
2020-03-14T22:30:34: PM2 log: PM2 PID file         : /root/.pm2/pm2.pid
2020-03-14T22:30:34: PM2 log: RPC socket file      : /root/.pm2/rpc.sock
2020-03-14T22:30:34: PM2 log: BUS socket file      : /root/.pm2/pub.sock
2020-03-14T22:30:34: PM2 log: Application log path : /root/.pm2/logs
2020-03-14T22:30:34: PM2 log: Worker Interval      : 30000
2020-03-14T22:30:34: PM2 log: Process dump file    : /root/.pm2/dump.pm2
2020-03-14T22:30:34: PM2 log: Concurrent actions   : 2
2020-03-14T22:30:34: PM2 log: SIGTERM timeout      : 1600
2020-03-14T22:30:34: PM2 log: ===============================================================================
2020-03-14T22:30:34: PM2 log: App [test:0] starting in -fork mode-
2020-03-14T22:30:34: PM2 log: App [test:0] online
2020-03-14T22:31:12: PM2 log: Stopping app:test id:0
2020-03-14T22:31:12: PM2 log: App [test:0] exited with code [0] via signal [SIGINT]
2020-03-14T22:31:12: PM2 log: pid=1189 msg=process killed
2020-03-19T21:24:28: PM2 log: PM2 successfully stopped
2020-03-19T21:24:47: PM2 log: ===============================================================================
2020-03-19T21:24:47: PM2 log: --- New PM2 Daemon started ----------------------------------------------------
2020-03-19T21:24:47: PM2 log: Time                 : Thu Mar 19 2020 21:24:47 GMT+0000 (Coordinated Universal Time)
2020-03-19T21:24:47: PM2 log: PM2 version          : 4.2.3
2020-03-19T21:24:47: PM2 log: Node.js version      : 11.15.0
2020-03-19T21:24:47: PM2 log: Current arch         : x64
2020-03-19T21:24:47: PM2 log: PM2 home             : /root/.pm2
2020-03-19T21:24:47: PM2 log: PM2 PID file         : /root/.pm2/pm2.pid
2020-03-19T21:24:47: PM2 log: RPC socket file      : /root/.pm2/rpc.sock
2020-03-19T21:24:47: PM2 log: BUS socket file      : /root/.pm2/pub.sock
2020-03-19T21:24:47: PM2 log: Application log path : /root/.pm2/logs
2020-03-19T21:24:47: PM2 log: Worker Interval      : 30000
2020-03-19T21:24:47: PM2 log: Process dump file    : /root/.pm2/dump.pm2
2020-03-19T21:24:47: PM2 log: Concurrent actions   : 2
2020-03-19T21:24:47: PM2 log: SIGTERM timeout      : 1600
2020-03-19T21:24:47: PM2 log: ===============================================================================
2020-03-19T21:24:47: PM2 log: App [test:0] starting in -fork mode-
2020-03-19T21:24:47: PM2 log: App [test:0] online
2020-03-19T21:30:35: PM2 log: Stopping app:test id:0
2020-03-19T21:30:35: PM2 log: App [test:0] exited with code [0] via signal [SIGINT]
2020-03-19T21:30:35: PM2 log: pid=1091 msg=process killed
2020-04-05T19:53:15: PM2 log: PM2 successfully stopped
2020-04-05T19:53:32: PM2 log: ===============================================================================
2020-04-05T19:53:32: PM2 log: --- New PM2 Daemon started ----------------------------------------------------
2020-04-05T19:53:32: PM2 log: Time                 : Sun Apr 05 2020 19:53:32 GMT+0000 (Coordinated Universal Time)
2020-04-05T19:53:32: PM2 log: PM2 version          : 4.2.3
2020-04-05T19:53:32: PM2 log: Node.js version      : 11.15.0
2020-04-05T19:53:32: PM2 log: Current arch         : x64
2020-04-05T19:53:32: PM2 log: PM2 home             : /root/.pm2
2020-04-05T19:53:32: PM2 log: PM2 PID file         : /root/.pm2/pm2.pid
2020-04-05T19:53:32: PM2 log: RPC socket file      : /root/.pm2/rpc.sock
2020-04-05T19:53:32: PM2 log: BUS socket file      : /root/.pm2/pub.sock
2020-04-05T19:53:32: PM2 log: Application log path : /root/.pm2/logs
2020-04-05T19:53:32: PM2 log: Worker Interval      : 30000
2020-04-05T19:53:32: PM2 log: Process dump file    : /root/.pm2/dump.pm2
2020-04-05T19:53:32: PM2 log: Concurrent actions   : 2
2020-04-05T19:53:32: PM2 log: SIGTERM timeout      : 1600
2020-04-05T19:53:32: PM2 log: ===============================================================================
2020-04-05T19:53:32: PM2 log: App [test:0] starting in -fork mode-
2020-04-05T19:53:32: PM2 log: App [test:0] online
2020-04-05T20:16:08: PM2 log: Stopping app:test id:0
2020-04-05T20:16:08: PM2 log: App [test:0] exited with code [0] via signal [SIGINT]
2020-04-05T20:16:08: PM2 log: pid=1037 msg=process killed
2020-04-05T20:16:45: PM2 log: App [server:1] starting in -fork mode-
2020-04-05T20:16:45: PM2 log: App [server:1] online
2020-04-05T20:21:17: PM2 log: App [test:0] starting in -fork mode-
2020-04-05T20:21:17: PM2 log: App [test:0] online
2020-04-05T20:21:34: PM2 log: Stopping app:test id:0
2020-04-05T20:21:34: PM2 log: App [test:0] exited with code [0] via signal [SIGINT]
2020-04-05T20:21:34: PM2 log: pid=2579 msg=process killed
2020-04-05T20:28:48: PM2 log: App [server:2] starting in -fork mode-
2020-04-05T20:28:48: PM2 log: App [server:2] online
2020-04-05T20:29:17: PM2 log: Stopping app:server id:2
2020-04-05T20:29:17: PM2 log: App [server:2] exited with code [0] via signal [SIGINT]
2020-04-05T20:29:17: PM2 log: pid=2910 msg=process killed
2020-04-05T20:38:37: PM2 log: App [test:0] starting in -fork mode-
2020-04-05T20:38:37: PM2 log: App [test:0] online
2020-04-05T20:38:37: PM2 log: Stopping app:server id:1
2020-04-05T20:38:37: PM2 log: App [server:2] starting in -fork mode-
2020-04-05T20:38:37: PM2 log: App [server:2] online
2020-04-05T20:38:37: PM2 log: App [server:1] exited with code [0] via signal [SIGINT]
2020-04-05T20:38:38: PM2 log: pid=2389 msg=process killed
2020-04-05T20:38:38: PM2 log: App [server:1] starting in -fork mode-
2020-04-05T20:38:38: PM2 log: App [server:1] online
2020-04-05T20:38:39: PM2 log: App [server:2] exited with code [1] via signal [SIGINT]
2020-04-05T20:38:39: PM2 log: App [server:2] starting in -fork mode-
2020-04-05T20:38:39: PM2 log: App [server:2] online
2020-04-05T20:38:39: PM2 log: App [server:2] exited with code [1] via signal [SIGINT]
2020-04-05T20:38:39: PM2 log: App [server:2] starting in -fork mode-
2020-04-05T20:38:39: PM2 log: App [server:2] online
2020-04-05T20:38:39: PM2 log: App [server:2] exited with code [1] via signal [SIGINT]
2020-04-05T20:38:39: PM2 log: App [server:2] starting in -fork mode-
2020-04-05T20:38:39: PM2 log: App [server:2] online
2020-04-05T20:38:40: PM2 log: App [server:2] exited with code [1] via signal [SIGINT]
2020-04-05T20:38:40: PM2 log: App [server:2] starting in -fork mode-
2020-04-05T20:38:40: PM2 log: App [server:2] online
2020-04-05T20:38:40: PM2 log: App [server:2] exited with code [1] via signal [SIGINT]
2020-04-05T20:38:40: PM2 log: App [server:2] starting in -fork mode-
2020-04-05T20:38:40: PM2 log: App [server:2] online
2020-04-05T20:38:41: PM2 log: App [server:2] exited with code [1] via signal [SIGINT]
2020-04-05T20:38:41: PM2 log: App [server:2] starting in -fork mode-
2020-04-05T20:38:41: PM2 log: App [server:2] online
2020-04-05T20:38:41: PM2 log: App [server:2] exited with code [1] via signal [SIGINT]
2020-04-05T20:38:41: PM2 log: App [server:2] starting in -fork mode-
2020-04-05T20:38:41: PM2 log: App [server:2] online
2020-04-05T20:38:41: PM2 log: App [server:2] exited with code [1] via signal [SIGINT]
2020-04-05T20:38:41: PM2 log: App [server:2] starting in -fork mode-
2020-04-05T20:38:41: PM2 log: App [server:2] online
2020-04-05T20:38:42: PM2 log: App [server:2] exited with code [1] via signal [SIGINT]
2020-04-05T20:38:42: PM2 log: App [server:2] starting in -fork mode-
2020-04-05T20:38:42: PM2 log: App [server:2] online
2020-04-05T20:38:42: PM2 log: App [server:2] exited with code [1] via signal [SIGINT]
2020-04-05T20:38:42: PM2 log: App [server:2] starting in -fork mode-
2020-04-05T20:38:42: PM2 log: App [server:2] online
2020-04-05T20:38:43: PM2 log: App [server:2] exited with code [1] via signal [SIGINT]
2020-04-05T20:38:43: PM2 log: App [server:2] starting in -fork mode-
2020-04-05T20:38:43: PM2 log: App [server:2] online
2020-04-05T20:38:43: PM2 log: App [server:2] exited with code [1] via signal [SIGINT]
2020-04-05T20:38:43: PM2 log: App [server:2] starting in -fork mode-
2020-04-05T20:38:43: PM2 log: App [server:2] online
2020-04-05T20:38:43: PM2 log: App [server:2] exited with code [1] via signal [SIGINT]
2020-04-05T20:38:43: PM2 log: App [server:2] starting in -fork mode-
2020-04-05T20:38:43: PM2 log: App [server:2] online
2020-04-05T20:38:44: PM2 log: App [server:2] exited with code [1] via signal [SIGINT]
2020-04-05T20:38:44: PM2 log: App [server:2] starting in -fork mode-
2020-04-05T20:38:44: PM2 log: App [server:2] online
2020-04-05T20:38:44: PM2 log: App [server:2] exited with code [1] via signal [SIGINT]
2020-04-05T20:38:44: PM2 log: App [server:2] starting in -fork mode-
2020-04-05T20:38:44: PM2 log: App [server:2] online
2020-04-05T20:38:45: PM2 log: App [server:2] exited with code [1] via signal [SIGINT]
2020-04-05T20:38:45: PM2 log: App [server:2] starting in -fork mode-
2020-04-05T20:38:45: PM2 log: App [server:2] online
2020-04-05T20:38:45: PM2 log: App [server:2] exited with code [1] via signal [SIGINT]
2020-04-05T20:38:45: PM2 log: Script /root/alphaMicro/alphaMicro/server.js had too many unstable restarts (16). Stopped. "errored"
2020-04-05T20:38:48: PM2 log: Stopping app:test id:0
2020-04-05T20:38:48: PM2 log: App [test:0] exited with code [0] via signal [SIGINT]
2020-04-05T20:38:48: PM2 log: pid=3372 msg=process killed
2020-04-07T01:05:04: PM2 log: App [test:0] starting in -fork mode-
2020-04-07T01:05:04: PM2 log: App [test:0] online
2020-04-07T01:05:04: PM2 log: Stopping app:server id:1
2020-04-07T01:05:04: PM2 log: App [server:2] starting in -fork mode-
2020-04-07T01:05:04: PM2 log: App [server:2] online
2020-04-07T01:05:04: PM2 log: App [server:1] exited with code [0] via signal [SIGINT]
2020-04-07T01:05:04: PM2 log: pid=3395 msg=process killed
2020-04-07T01:05:04: PM2 log: App [server:1] starting in -fork mode-
2020-04-07T01:05:04: PM2 log: App [server:1] online
2020-04-07T01:05:05: PM2 log: App [server:2] exited with code [1] via signal [SIGINT]
2020-04-07T01:05:05: PM2 log: App [server:2] starting in -fork mode-
2020-04-07T01:05:05: PM2 log: App [server:2] online
2020-04-07T01:05:05: PM2 log: App [server:1] exited with code [1] via signal [SIGINT]
2020-04-07T01:05:05: PM2 log: App [server:1] starting in -fork mode-
2020-04-07T01:05:05: PM2 log: App [server:1] online
2020-04-07T01:05:06: PM2 log: App [server:2] exited with code [1] via signal [SIGINT]
2020-04-07T01:05:06: PM2 log: App [server:2] starting in -fork mode-
2020-04-07T01:05:06: PM2 log: App [server:2] online
2020-04-07T01:05:06: PM2 log: App [server:1] exited with code [1] via signal [SIGINT]
2020-04-07T01:05:06: PM2 log: App [server:1] starting in -fork mode-
2020-04-07T01:05:06: PM2 log: App [server:1] online
2020-04-07T01:05:07: PM2 log: App [server:2] exited with code [1] via signal [SIGINT]
2020-04-07T01:05:07: PM2 log: App [server:2] starting in -fork mode-
2020-04-07T01:05:07: PM2 log: App [server:2] online
2020-04-07T01:05:07: PM2 log: App [server:1] exited with code [1] via signal [SIGINT]
2020-04-07T01:05:07: PM2 log: App [server:1] starting in -fork mode-
2020-04-07T01:05:07: PM2 log: App [server:1] online
2020-04-07T01:05:08: PM2 log: App [server:2] exited with code [1] via signal [SIGINT]
2020-04-07T01:05:08: PM2 log: App [server:2] starting in -fork mode-
2020-04-07T01:05:08: PM2 log: App [server:2] online
2020-04-07T01:05:08: PM2 log: App [server:1] exited with code [1] via signal [SIGINT]
2020-04-07T01:05:08: PM2 log: App [server:1] starting in -fork mode-
2020-04-07T01:05:08: PM2 log: App [server:1] online
2020-04-07T01:05:09: PM2 log: App [server:2] exited with code [1] via signal [SIGINT]
2020-04-07T01:05:09: PM2 log: App [server:2] starting in -fork mode-
2020-04-07T01:05:09: PM2 log: App [server:2] online
2020-04-07T01:05:09: PM2 log: App [server:1] exited with code [1] via signal [SIGINT]
2020-04-07T01:05:09: PM2 log: App [server:1] starting in -fork mode-
2020-04-07T01:05:09: PM2 log: App [server:1] online
2020-04-07T01:05:10: PM2 log: App [server:2] exited with code [1] via signal [SIGINT]
2020-04-07T01:05:10: PM2 log: App [server:2] starting in -fork mode-
2020-04-07T01:05:10: PM2 log: App [server:2] online
2020-04-07T01:05:10: PM2 log: App [server:1] exited with code [1] via signal [SIGINT]
2020-04-07T01:05:10: PM2 log: App [server:1] starting in -fork mode-
2020-04-07T01:05:10: PM2 log: App [server:1] online
2020-04-07T01:05:11: PM2 log: App [server:2] exited with code [1] via signal [SIGINT]
2020-04-07T01:05:11: PM2 log: App [server:2] starting in -fork mode-
2020-04-07T01:05:11: PM2 log: App [server:2] online
2020-04-07T01:05:11: PM2 log: App [server:1] exited with code [1] via signal [SIGINT]
2020-04-07T01:05:11: PM2 log: App [server:1] starting in -fork mode-
2020-04-07T01:05:11: PM2 log: App [server:1] online
2020-04-07T01:05:11: PM2 log: App [server:2] exited with code [1] via signal [SIGINT]
2020-04-07T01:05:12: PM2 log: App [server:2] starting in -fork mode-
2020-04-07T01:05:12: PM2 log: App [server:2] online
2020-04-07T01:05:12: PM2 log: App [server:1] exited with code [1] via signal [SIGINT]
2020-04-07T01:05:12: PM2 log: App [server:1] starting in -fork mode-
2020-04-07T01:05:12: PM2 log: App [server:1] online
2020-04-07T01:05:12: PM2 log: App [server:2] exited with code [1] via signal [SIGINT]
2020-04-07T01:05:12: PM2 log: App [server:2] starting in -fork mode-
2020-04-07T01:05:12: PM2 log: App [server:2] online
2020-04-07T01:05:13: PM2 log: App [server:1] exited with code [1] via signal [SIGINT]
2020-04-07T01:05:13: PM2 log: App [server:1] starting in -fork mode-
2020-04-07T01:05:13: PM2 log: App [server:1] online
2020-04-07T01:05:13: PM2 log: App [server:2] exited with code [1] via signal [SIGINT]
2020-04-07T01:05:13: PM2 log: App [server:2] starting in -fork mode-
2020-04-07T01:05:13: PM2 log: App [server:2] online
2020-04-07T01:05:13: PM2 log: App [server:1] exited with code [1] via signal [SIGINT]
2020-04-07T01:05:13: PM2 log: App [server:1] starting in -fork mode-
2020-04-07T01:05:13: PM2 log: App [server:1] online
2020-04-07T01:05:14: PM2 log: App [server:2] exited with code [1] via signal [SIGINT]
2020-04-07T01:05:14: PM2 log: App [server:2] starting in -fork mode-
2020-04-07T01:05:14: PM2 log: App [server:2] online
2020-04-07T01:05:14: PM2 log: App [server:1] exited with code [1] via signal [SIGINT]
2020-04-07T01:05:14: PM2 log: App [server:1] starting in -fork mode-
2020-04-07T01:05:14: PM2 log: App [server:1] online
2020-04-07T01:05:15: PM2 log: App [server:2] exited with code [1] via signal [SIGINT]
2020-04-07T01:05:15: PM2 log: App [server:2] starting in -fork mode-
2020-04-07T01:05:15: PM2 log: App [server:2] online
2020-04-07T01:05:15: PM2 log: App [server:1] exited with code [1] via signal [SIGINT]
2020-04-07T01:05:15: PM2 log: App [server:1] starting in -fork mode-
2020-04-07T01:05:15: PM2 log: App [server:1] online
2020-04-07T01:05:16: PM2 log: App [server:2] exited with code [1] via signal [SIGINT]
2020-04-07T01:05:16: PM2 log: App [server:2] starting in -fork mode-
2020-04-07T01:05:16: PM2 log: App [server:2] online
2020-04-07T01:05:16: PM2 log: App [server:1] exited with code [1] via signal [SIGINT]
2020-04-07T01:05:16: PM2 log: App [server:1] starting in -fork mode-
2020-04-07T01:05:16: PM2 log: App [server:1] online
2020-04-07T01:05:17: PM2 log: App [server:2] exited with code [1] via signal [SIGINT]
2020-04-07T01:05:17: PM2 log: App [server:2] starting in -fork mode-
2020-04-07T01:05:17: PM2 log: App [server:2] online
2020-04-07T01:05:17: PM2 log: App [server:1] exited with code [1] via signal [SIGINT]
2020-04-07T01:05:17: PM2 log: App [server:1] starting in -fork mode-
2020-04-07T01:05:17: PM2 log: App [server:1] online
2020-04-07T01:05:18: PM2 log: App [server:2] exited with code [1] via signal [SIGINT]
2020-04-07T01:05:18: PM2 log: App [server:2] starting in -fork mode-
2020-04-07T01:05:18: PM2 log: App [server:2] online
2020-04-07T01:05:18: PM2 log: App [server:1] exited with code [1] via signal [SIGINT]
2020-04-07T01:05:18: PM2 log: App [server:1] starting in -fork mode-
2020-04-07T01:05:18: PM2 log: App [server:1] online
2020-04-07T01:05:18: PM2 log: App [server:2] exited with code [1] via signal [SIGINT]
2020-04-07T01:05:18: PM2 log: App [server:2] starting in -fork mode-
2020-04-07T01:05:18: PM2 log: App [server:2] online
2020-04-07T01:05:19: PM2 log: App [server:1] exited with code [1] via signal [SIGINT]
2020-04-07T01:05:19: PM2 log: Script /root/labs/3/MicroCite/server.js had too many unstable restarts (16). Stopped. "errored"
2020-04-07T01:05:19: PM2 log: App [server:2] exited with code [1] via signal [SIGINT]
2020-04-07T01:05:19: PM2 log: Script /root/alphaMicro/alphaMicro/server.js had too many unstable restarts (16). Stopped. "errored"
2020-04-07T01:05:28: PM2 log: Stopping app:test id:0
2020-04-07T01:05:28: PM2 log: App [test:0] exited with code [0] via signal [SIGINT]
2020-04-07T01:05:28: PM2 log: pid=28651 msg=process killed
2020-04-07T01:06:26: PM2 log: App [server:1] starting in -fork mode-
2020-04-07T01:06:26: PM2 log: App [server:1] online
2020-04-07T01:06:26: PM2 log: App [server:2] starting in -fork mode-
2020-04-07T01:06:26: PM2 log: App [server:2] online
2020-04-07T01:06:27: PM2 log: App [server:2] exited with code [1] via signal [SIGINT]
2020-04-07T01:06:27: PM2 log: App [server:2] starting in -fork mode-
2020-04-07T01:06:27: PM2 log: App [server:2] online
2020-04-07T01:06:27: PM2 log: App [server:2] exited with code [1] via signal [SIGINT]
2020-04-07T01:06:27: PM2 log: App [server:2] starting in -fork mode-
2020-04-07T01:06:27: PM2 log: App [server:2] online
2020-04-07T01:06:27: PM2 log: App [server:2] exited with code [1] via signal [SIGINT]
2020-04-07T01:06:27: PM2 log: App [server:2] starting in -fork mode-
2020-04-07T01:06:27: PM2 log: App [server:2] online
2020-04-07T01:06:28: PM2 log: App [server:2] exited with code [1] via signal [SIGINT]
2020-04-07T01:06:28: PM2 log: App [server:2] starting in -fork mode-
2020-04-07T01:06:28: PM2 log: App [server:2] online
2020-04-07T01:06:28: PM2 log: App [server:2] exited with code [1] via signal [SIGINT]
2020-04-07T01:06:28: PM2 log: App [server:2] starting in -fork mode-
2020-04-07T01:06:28: PM2 log: App [server:2] online
2020-04-07T01:06:29: PM2 log: App [server:2] exited with code [1] via signal [SIGINT]
2020-04-07T01:06:29: PM2 log: App [server:2] starting in -fork mode-
2020-04-07T01:06:29: PM2 log: App [server:2] online
2020-04-07T01:06:29: PM2 log: App [server:2] exited with code [1] via signal [SIGINT]
2020-04-07T01:06:29: PM2 log: App [server:2] starting in -fork mode-
2020-04-07T01:06:29: PM2 log: App [server:2] online
2020-04-07T01:06:29: PM2 log: App [server:2] exited with code [1] via signal [SIGINT]
2020-04-07T01:06:29: PM2 log: App [server:2] starting in -fork mode-
2020-04-07T01:06:29: PM2 log: App [server:2] online
2020-04-07T01:06:30: PM2 log: App [server:2] exited with code [1] via signal [SIGINT]
2020-04-07T01:06:30: PM2 log: App [server:2] starting in -fork mode-
2020-04-07T01:06:30: PM2 log: App [server:2] online
2020-04-07T01:06:30: PM2 log: App [server:2] exited with code [1] via signal [SIGINT]
2020-04-07T01:06:30: PM2 log: App [server:2] starting in -fork mode-
2020-04-07T01:06:30: PM2 log: App [server:2] online
2020-04-07T01:06:30: PM2 log: App [server:2] exited with code [1] via signal [SIGINT]
2020-04-07T01:06:30: PM2 log: App [server:2] starting in -fork mode-
2020-04-07T01:06:30: PM2 log: App [server:2] online
2020-04-07T01:06:31: PM2 log: App [server:2] exited with code [1] via signal [SIGINT]
2020-04-07T01:06:31: PM2 log: App [server:2] starting in -fork mode-
2020-04-07T01:06:31: PM2 log: App [server:2] online
2020-04-07T01:06:31: PM2 log: App [server:2] exited with code [1] via signal [SIGINT]
2020-04-07T01:06:31: PM2 log: App [server:2] starting in -fork mode-
2020-04-07T01:06:31: PM2 log: App [server:2] online
2020-04-07T01:06:32: PM2 log: App [server:2] exited with code [1] via signal [SIGINT]
2020-04-07T01:06:32: PM2 log: App [server:2] starting in -fork mode-
2020-04-07T01:06:32: PM2 log: App [server:2] online
2020-04-07T01:06:32: PM2 log: App [server:2] exited with code [1] via signal [SIGINT]
2020-04-07T01:06:32: PM2 log: App [server:2] starting in -fork mode-
2020-04-07T01:06:32: PM2 log: App [server:2] online
2020-04-07T01:06:32: PM2 log: App [server:2] exited with code [1] via signal [SIGINT]
2020-04-07T01:06:32: PM2 log: Script /root/alphaMicro/alphaMicro/server.js had too many unstable restarts (16). Stopped. "errored"
2020-04-07T01:18:57: PM2 log: Stopping app:server id:1
2020-04-07T01:18:57: PM2 log: App [server:1] exited with code [0] via signal [SIGINT]
2020-04-07T01:18:57: PM2 log: pid=29267 msg=process killed
2020-04-07T01:18:57: PM2 log: Stopping app:server id:2
2020-04-07T01:18:57: PM2 error: app=server id=2 does not have a pid
2020-04-07T01:28:50: PM2 log: App [server:1] starting in -fork mode-
2020-04-07T01:28:50: PM2 log: App [server:1] online
2020-04-07T01:28:50: PM2 log: App [server:2] starting in -fork mode-
2020-04-07T01:28:50: PM2 log: App [server:2] online
2020-04-07T01:28:51: PM2 log: App [server:1] exited with code [1] via signal [SIGINT]
2020-04-07T01:28:51: PM2 log: App [server:1] starting in -fork mode-
2020-04-07T01:28:51: PM2 log: App [server:1] online
2020-04-07T01:28:52: PM2 log: App [server:1] exited with code [1] via signal [SIGINT]
2020-04-07T01:28:52: PM2 log: App [server:1] starting in -fork mode-
2020-04-07T01:28:52: PM2 log: App [server:1] online
2020-04-07T01:28:52: PM2 log: App [server:1] exited with code [1] via signal [SIGINT]
2020-04-07T01:28:52: PM2 log: App [server:1] starting in -fork mode-
2020-04-07T01:28:52: PM2 log: App [server:1] online
2020-04-07T01:28:52: PM2 log: App [server:1] exited with code [1] via signal [SIGINT]
2020-04-07T01:28:52: PM2 log: App [server:1] starting in -fork mode-
2020-04-07T01:28:52: PM2 log: App [server:1] online
2020-04-07T01:28:53: PM2 log: App [server:1] exited with code [1] via signal [SIGINT]
2020-04-07T01:28:53: PM2 log: App [server:1] starting in -fork mode-
2020-04-07T01:28:53: PM2 log: App [server:1] online
2020-04-07T01:28:53: PM2 log: App [server:1] exited with code [1] via signal [SIGINT]
2020-04-07T01:28:53: PM2 log: App [server:1] starting in -fork mode-
2020-04-07T01:28:53: PM2 log: App [server:1] online
2020-04-07T01:28:54: PM2 log: App [server:1] exited with code [1] via signal [SIGINT]
2020-04-07T01:28:54: PM2 log: App [server:1] starting in -fork mode-
2020-04-07T01:28:54: PM2 log: App [server:1] online
2020-04-07T01:28:54: PM2 log: App [server:1] exited with code [1] via signal [SIGINT]
2020-04-07T01:28:54: PM2 log: App [server:1] starting in -fork mode-
2020-04-07T01:28:54: PM2 log: App [server:1] online
2020-04-07T01:28:54: PM2 log: App [server:1] exited with code [1] via signal [SIGINT]
2020-04-07T01:28:54: PM2 log: App [server:1] starting in -fork mode-
2020-04-07T01:28:54: PM2 log: App [server:1] online
2020-04-07T01:28:55: PM2 log: App [server:1] exited with code [1] via signal [SIGINT]
2020-04-07T01:28:55: PM2 log: App [server:1] starting in -fork mode-
2020-04-07T01:28:55: PM2 log: App [server:1] online
2020-04-07T01:28:55: PM2 log: App [server:1] exited with code [1] via signal [SIGINT]
2020-04-07T01:28:55: PM2 log: App [server:1] starting in -fork mode-
2020-04-07T01:28:55: PM2 log: App [server:1] online
2020-04-07T01:28:56: PM2 log: App [server:1] exited with code [1] via signal [SIGINT]
2020-04-07T01:28:56: PM2 log: App [server:1] starting in -fork mode-
2020-04-07T01:28:56: PM2 log: App [server:1] online
2020-04-07T01:28:56: PM2 log: App [server:1] exited with code [1] via signal [SIGINT]
2020-04-07T01:28:56: PM2 log: App [server:1] starting in -fork mode-
2020-04-07T01:28:56: PM2 log: App [server:1] online
2020-04-07T01:28:56: PM2 log: App [server:1] exited with code [1] via signal [SIGINT]
2020-04-07T01:28:56: PM2 log: App [server:1] starting in -fork mode-
2020-04-07T01:28:56: PM2 log: App [server:1] online
2020-04-07T01:28:57: PM2 log: App [server:1] exited with code [1] via signal [SIGINT]
2020-04-07T01:28:57: PM2 log: App [server:1] starting in -fork mode-
2020-04-07T01:28:57: PM2 log: App [server:1] online
2020-04-07T01:28:57: PM2 log: App [server:1] exited with code [1] via signal [SIGINT]
2020-04-07T01:28:57: PM2 log: Script /root/labs/3/MicroCite/server.js had too many unstable restarts (16). Stopped. "errored"
2020-04-07T01:29:33: PM2 log: Stopping app:server id:2
2020-04-07T01:29:33: PM2 log: App [server:2] exited with code [0] via signal [SIGINT]
2020-04-07T01:29:33: PM2 log: pid=30081 msg=process killed
2020-04-07T01:29:59: PM2 log: App [server:1] starting in -fork mode-
2020-04-07T01:29:59: PM2 log: App [server:1] online
2020-04-10T15:05:34: PM2 log: Stopping app:server id:1
2020-04-10T15:05:34: PM2 log: App [server:1] exited with code [0] via signal [SIGINT]
2020-04-10T15:05:34: PM2 log: pid=30427 msg=process killed
2020-04-10T15:05:34: PM2 log: App [server:1] starting in -fork mode-
2020-04-10T15:05:34: PM2 log: App [server:1] online
2020-04-13T17:43:27: PM2 log: Stopping app:server id:1
2020-04-13T17:43:27: PM2 log: App [server:1] exited with code [0] via signal [SIGINT]
2020-04-13T17:43:27: PM2 log: pid=13989 msg=process killed
2020-04-13T17:43:27: PM2 log: App [server:1] starting in -fork mode-
2020-04-13T17:43:27: PM2 log: App [server:1] online
2020-04-15T01:46:58: PM2 log: Stopping app:server id:1
2020-04-15T01:46:58: PM2 log: App [server:1] exited with code [0] via signal [SIGINT]
2020-04-15T01:46:58: PM2 log: pid=1378 msg=process killed
2020-04-15T01:46:58: PM2 log: App [server:1] starting in -fork mode-
2020-04-15T01:46:58: PM2 log: App [server:1] online
2020-04-15T01:49:58: PM2 log: Stopping app:server id:1
2020-04-15T01:49:58: PM2 log: App [server:1] exited with code [0] via signal [SIGINT]
2020-04-15T01:49:58: PM2 log: pid=7278 msg=process killed
2020-04-15T01:49:58: PM2 log: App [server:1] starting in -fork mode-
2020-04-15T01:49:58: PM2 log: App [server:1] online
2020-04-15T01:50:14: PM2 log: Process 1 in a stopped status, starting it
2020-04-15T01:50:14: PM2 log: Stopping app:server id:1
2020-04-15T01:50:14: PM2 log: App [server:1] exited with code [0] via signal [SIGINT]
2020-04-15T01:50:14: PM2 log: pid=7362 msg=process killed
2020-04-15T01:50:14: PM2 log: App [server:1] starting in -fork mode-
2020-04-15T01:50:14: PM2 log: App [server:1] online
2020-04-15T02:02:23: PM2 log: Stopping app:server id:1
2020-04-15T02:02:23: PM2 log: App [server:1] exited with code [0] via signal [SIGINT]
2020-04-15T02:02:23: PM2 log: pid=7391 msg=process killed
2020-04-15T02:02:23: PM2 log: App [server:1] starting in -fork mode-
2020-04-15T02:02:23: PM2 log: App [server:1] online
2020-04-15T02:02:31: PM2 log: Process 1 in a stopped status, starting it
2020-04-15T02:02:31: PM2 log: Stopping app:server id:1
2020-04-15T02:02:31: PM2 log: App [server:1] exited with code [0] via signal [SIGINT]
2020-04-15T02:02:31: PM2 log: pid=7874 msg=process killed
2020-04-15T02:02:31: PM2 log: App [server:1] starting in -fork mode-
2020-04-15T02:02:31: PM2 log: App [server:1] online
2020-04-15T02:10:42: PM2 log: Stopping app:server id:1
2020-04-15T02:10:42: PM2 log: App [server:1] exited with code [0] via signal [SIGINT]
2020-04-15T02:10:42: PM2 log: pid=7903 msg=process killed
2020-04-15T02:10:42: PM2 log: App [server:1] starting in -fork mode-
2020-04-15T02:10:42: PM2 log: App [server:1] online
2020-04-15T02:11:06: PM2 log: Process 1 in a stopped status, starting it
2020-04-15T02:11:06: PM2 log: Stopping app:server id:1
2020-04-15T02:11:06: PM2 log: App [server:1] exited with code [0] via signal [SIGINT]
2020-04-15T02:11:07: PM2 log: pid=8102 msg=process killed
2020-04-15T02:11:07: PM2 log: App [server:1] starting in -fork mode-
2020-04-15T02:11:07: PM2 log: App [server:1] online
2020-04-15T02:20:46: PM2 log: Process 1 in a stopped status, starting it
2020-04-15T02:20:46: PM2 log: Stopping app:server id:1
2020-04-15T02:20:47: PM2 log: App [server:1] exited with code [0] via signal [SIGINT]
2020-04-15T02:20:47: PM2 log: pid=8136 msg=process killed
2020-04-15T02:20:47: PM2 log: App [server:1] starting in -fork mode-
2020-04-15T02:20:47: PM2 log: App [server:1] online
2020-04-15T02:38:59: PM2 log: Process 1 in a stopped status, starting it
2020-04-15T02:38:59: PM2 log: Stopping app:server id:1
2020-04-15T02:38:59: PM2 log: App [server:1] exited with code [0] via signal [SIGINT]
2020-04-15T02:38:59: PM2 log: pid=8341 msg=process killed
2020-04-15T02:38:59: PM2 log: App [server:1] starting in -fork mode-
2020-04-15T02:38:59: PM2 log: App [server:1] online
2020-04-15T03:01:03: PM2 log: Process 1 in a stopped status, starting it
2020-04-15T03:01:03: PM2 log: Stopping app:server id:1
2020-04-15T03:01:03: PM2 log: App [server:1] exited with code [0] via signal [SIGINT]
2020-04-15T03:01:03: PM2 log: pid=9102 msg=process killed
2020-04-15T03:01:03: PM2 log: App [server:1] starting in -fork mode-
2020-04-15T03:01:03: PM2 log: App [server:1] online
2020-04-15T03:02:35: PM2 log: Process 1 in a stopped status, starting it
2020-04-15T03:02:35: PM2 log: Stopping app:server id:1
2020-04-15T03:02:35: PM2 log: App [server:1] exited with code [0] via signal [SIGINT]
2020-04-15T03:02:35: PM2 log: pid=9706 msg=process killed
2020-04-15T03:02:35: PM2 log: App [server:1] starting in -fork mode-
2020-04-15T03:02:35: PM2 log: App [server:1] online
2020-04-15T03:03:27: PM2 log: Process 1 in a stopped status, starting it
2020-04-15T03:03:27: PM2 log: Stopping app:server id:1
2020-04-15T03:03:28: PM2 log: App [server:1] exited with code [0] via signal [SIGINT]
2020-04-15T03:03:28: PM2 log: pid=9800 msg=process killed
2020-04-15T03:03:28: PM2 log: App [server:1] starting in -fork mode-
2020-04-15T03:03:28: PM2 log: App [server:1] online
